2026-07-02 10:15:47,724 [Worker-4: Loading available Gradle versions] INFO  o.e.b.c.i.u.g.PublishedGradleVersions - Gradle version information cache is not available. Remote download required.
2026-07-02 10:16:58,124 [Worker-20: Launching mavenrun-3af54824-b7ba-4d9e-a3e2-f2082fe80f64] INFO  o.eclipse.m2e.core.internal.Bundles - getClasspathEntries(Bundle=org.eclipse.m2e.maven.runtime_3.9.900.20240824-1409 [874])
2026-07-02 10:16:58,127 [Worker-20: Launching mavenrun-3af54824-b7ba-4d9e-a3e2-f2082fe80f64] INFO  o.eclipse.m2e.core.internal.Bundles - 	Entry: /Users/qaisarfareed/.p2/pool/plugins/org.eclipse.m2e.maven.runtime_3.9.900.20240824-1409
2026-07-02 10:16:58,127 [Worker-20: Launching mavenrun-3af54824-b7ba-4d9e-a3e2-f2082fe80f64] INFO  o.eclipse.m2e.core.internal.Bundles - 	Entry: /Users/qaisarfareed/.p2/pool/plugins/org.eclipse.m2e.maven.runtime_3.9.900.20240824-1409/jars/aopalliance-1.0.jar
2026-07-02 10:16:58,127 [Worker-20: Launching mavenrun-3af54824-b7ba-4d9e-a3e2-f2082fe80f64] INFO  o.eclipse.m2e.core.internal.Bundles - 	Entry: /Users/qaisarfareed/.p2/pool/plugins/org.eclipse.m2e.maven.runtime_3.9.900.20240824-1409/jars/guice-5.1.0.jar
2026-07-02 10:16:58,127 [Worker-20: Launching mavenrun-3af54824-b7ba-4d9e-a3e2-f2082fe80f64] INFO  o.eclipse.m2e.core.internal.Bundles - 	Entry: /Users/qaisarfareed/.p2/pool/plugins/org.eclipse.m2e.maven.runtime_3.9.900.20240824-1409/jars/httpclient-4.5.14.jar
2026-07-02 10:16:58,128 [Worker-20: Launching mavenrun-3af54824-b7ba-4d9e-a3e2-f2082fe80f64] INFO  o.eclipse.m2e.core.internal.Bundles - 	Entry: /Users/qaisarfareed/.p2/pool/plugins/org.eclipse.m2e.maven.runtime_3.9.900.20240824-1409/jars/httpcore-4.4.16.jar
2026-07-02 10:16:58,128 [Worker-20: Launching mavenrun-3af54824-b7ba-4d9e-a3e2-f2082fe80f64] INFO  o.eclipse.m2e.core.internal.Bundles - 	Entry: /Users/qaisarfareed/.p2/pool/plugins/org.eclipse.m2e.maven.runtime_3.9.900.20240824-1409/jars/jansi-2.4.1.jar
2026-07-02 10:16:58,128 [Worker-20: Launching mavenrun-3af54824-b7ba-4d9e-a3e2-f2082fe80f64] INFO  o.eclipse.m2e.core.internal.Bundles - 	Entry: /Users/qaisarfareed/.p2/pool/plugins/org.eclipse.m2e.maven.runtime_3.9.900.20240824-1409/jars/jcl-over-slf4j-1.7.36.jar
2026-07-02 10:16:58,128 [Worker-20: Launching mavenrun-3af54824-b7ba-4d9e-a3e2-f2082fe80f64] INFO  o.eclipse.m2e.core.internal.Bundles - 	Entry: /Users/qaisarfareed/.p2/pool/plugins/org.eclipse.m2e.maven.runtime_3.9.900.20240824-1409/jars/maven-artifact-3.9.9.jar
2026-07-02 10:16:58,128 [Worker-20: Launching mavenrun-3af54824-b7ba-4d9e-a3e2-f2082fe80f64] INFO  o.eclipse.m2e.core.internal.Bundles - 	Entry: /Users/qaisarfareed/.p2/pool/plugins/org.eclipse.m2e.maven.runtime_3.9.900.20240824-1409/jars/maven-builder-support-3.9.9.jar
2026-07-02 10:16:58,128 [Worker-20: Launching mavenrun-3af54824-b7ba-4d9e-a3e2-f2082fe80f64] INFO  o.eclipse.m2e.core.internal.Bundles - 	Entry: /Users/qaisarfareed/.p2/pool/plugins/org.eclipse.m2e.maven.runtime_3.9.900.20240824-1409/jars/maven-compat-3.9.9.jar
2026-07-02 10:16:58,128 [Worker-20: Launching mavenrun-3af54824-b7ba-4d9e-a3e2-f2082fe80f64] INFO  o.eclipse.m2e.core.internal.Bundles - 	Entry: /Users/qaisarfareed/.p2/pool/plugins/org.eclipse.m2e.maven.runtime_3.9.900.20240824-1409/jars/maven-core-3.9.9.jar
2026-07-02 10:16:58,128 [Worker-20: Launching mavenrun-3af54824-b7ba-4d9e-a3e2-f2082fe80f64] INFO  o.eclipse.m2e.core.internal.Bundles - 	Entry: /Users/qaisarfareed/.p2/pool/plugins/org.eclipse.m2e.maven.runtime_3.9.900.20240824-1409/jars/maven-embedder-3.9.9.jar
2026-07-02 10:16:58,128 [Worker-20: Launching mavenrun-3af54824-b7ba-4d9e-a3e2-f2082fe80f64] INFO  o.eclipse.m2e.core.internal.Bundles - 	Entry: /Users/qaisarfareed/.p2/pool/plugins/org.eclipse.m2e.maven.runtime_3.9.900.20240824-1409/jars/maven-model-3.9.9.jar
2026-07-02 10:16:58,128 [Worker-20: Launching mavenrun-3af54824-b7ba-4d9e-a3e2-f2082fe80f64] INFO  o.eclipse.m2e.core.internal.Bundles - 	Entry: /Users/qaisarfareed/.p2/pool/plugins/org.eclipse.m2e.maven.runtime_3.9.900.20240824-1409/jars/maven-model-builder-3.9.9.jar
2026-07-02 10:16:58,128 [Worker-20: Launching mavenrun-3af54824-b7ba-4d9e-a3e2-f2082fe80f64] INFO  o.eclipse.m2e.core.internal.Bundles - 	Entry: /Users/qaisarfareed/.p2/pool/plugins/org.eclipse.m2e.maven.runtime_3.9.900.20240824-1409/jars/maven-plugin-api-3.9.9.jar
2026-07-02 10:16:58,128 [Worker-20: Launching mavenrun-3af54824-b7ba-4d9e-a3e2-f2082fe80f64] INFO  o.eclipse.m2e.core.internal.Bundles - 	Entry: /Users/qaisarfareed/.p2/pool/plugins/org.eclipse.m2e.maven.runtime_3.9.900.20240824-1409/jars/maven-repository-metadata-3.9.9.jar
2026-07-02 10:16:58,128 [Worker-20: Launching mavenrun-3af54824-b7ba-4d9e-a3e2-f2082fe80f64] INFO  o.eclipse.m2e.core.internal.Bundles - 	Entry: /Users/qaisarfareed/.p2/pool/plugins/org.eclipse.m2e.maven.runtime_3.9.900.20240824-1409/jars/maven-resolver-api-1.9.22.jar
2026-07-02 10:16:58,128 [Worker-20: Launching mavenrun-3af54824-b7ba-4d9e-a3e2-f2082fe80f64] INFO  o.eclipse.m2e.core.internal.Bundles - 	Entry: /Users/qaisarfareed/.p2/pool/plugins/org.eclipse.m2e.maven.runtime_3.9.900.20240824-1409/jars/maven-resolver-connector-basic-1.9.22.jar
2026-07-02 10:16:58,128 [Worker-20: Launching mavenrun-3af54824-b7ba-4d9e-a3e2-f2082fe80f64] INFO  o.eclipse.m2e.core.internal.Bundles - 	Entry: /Users/qaisarfareed/.p2/pool/plugins/org.eclipse.m2e.maven.runtime_3.9.900.20240824-1409/jars/maven-resolver-impl-1.9.22.jar
2026-07-02 10:16:58,128 [Worker-20: Launching mavenrun-3af54824-b7ba-4d9e-a3e2-f2082fe80f64] INFO  o.eclipse.m2e.core.internal.Bundles - 	Entry: /Users/qaisarfareed/.p2/pool/plugins/org.eclipse.m2e.maven.runtime_3.9.900.20240824-1409/jars/maven-resolver-named-locks-1.9.22.jar
2026-07-02 10:16:58,128 [Worker-20: Launching mavenrun-3af54824-b7ba-4d9e-a3e2-f2082fe80f64] INFO  o.eclipse.m2e.core.internal.Bundles - 	Entry: /Users/qaisarfareed/.p2/pool/plugins/org.eclipse.m2e.maven.runtime_3.9.900.20240824-1409/jars/maven-resolver-provider-3.9.9.jar
2026-07-02 10:16:58,128 [Worker-20: Launching mavenrun-3af54824-b7ba-4d9e-a3e2-f2082fe80f64] INFO  o.eclipse.m2e.core.internal.Bundles - 	Entry: /Users/qaisarfareed/.p2/pool/plugins/org.eclipse.m2e.maven.runtime_3.9.900.20240824-1409/jars/maven-resolver-spi-1.9.22.jar
2026-07-02 10:16:58,128 [Worker-20: Launching mavenrun-3af54824-b7ba-4d9e-a3e2-f2082fe80f64] INFO  o.eclipse.m2e.core.internal.Bundles - 	Entry: /Users/qaisarfareed/.p2/pool/plugins/org.eclipse.m2e.maven.runtime_3.9.900.20240824-1409/jars/maven-resolver-transport-file-1.9.22.jar
2026-07-02 10:16:58,128 [Worker-20: Launching mavenrun-3af54824-b7ba-4d9e-a3e2-f2082fe80f64] INFO  o.eclipse.m2e.core.internal.Bundles - 	Entry: /Users/qaisarfareed/.p2/pool/plugins/org.eclipse.m2e.maven.runtime_3.9.900.20240824-1409/jars/maven-resolver-transport-http-1.9.22.jar
2026-07-02 10:16:58,128 [Worker-20: Launching mavenrun-3af54824-b7ba-4d9e-a3e2-f2082fe80f64] INFO  o.eclipse.m2e.core.internal.Bundles - 	Entry: /Users/qaisarfareed/.p2/pool/plugins/org.eclipse.m2e.maven.runtime_3.9.900.20240824-1409/jars/maven-resolver-transport-wagon-1.9.22.jar
2026-07-02 10:16:58,128 [Worker-20: Launching mavenrun-3af54824-b7ba-4d9e-a3e2-f2082fe80f64] INFO  o.eclipse.m2e.core.internal.Bundles - 	Entry: /Users/qaisarfareed/.p2/pool/plugins/org.eclipse.m2e.maven.runtime_3.9.900.20240824-1409/jars/maven-resolver-util-1.9.22.jar
2026-07-02 10:16:58,128 [Worker-20: Launching mavenrun-3af54824-b7ba-4d9e-a3e2-f2082fe80f64] INFO  o.eclipse.m2e.core.internal.Bundles - 	Entry: /Users/qaisarfareed/.p2/pool/plugins/org.eclipse.m2e.maven.runtime_3.9.900.20240824-1409/jars/maven-settings-3.9.9.jar
2026-07-02 10:16:58,128 [Worker-20: Launching mavenrun-3af54824-b7ba-4d9e-a3e2-f2082fe80f64] INFO  o.eclipse.m2e.core.internal.Bundles - 	Entry: /Users/qaisarfareed/.p2/pool/plugins/org.eclipse.m2e.maven.runtime_3.9.900.20240824-1409/jars/maven-settings-builder-3.9.9.jar
2026-07-02 10:16:58,128 [Worker-20: Launching mavenrun-3af54824-b7ba-4d9e-a3e2-f2082fe80f64] INFO  o.eclipse.m2e.core.internal.Bundles - 	Entry: /Users/qaisarfareed/.p2/pool/plugins/org.eclipse.m2e.maven.runtime_3.9.900.20240824-1409/jars/maven-shared-utils-3.4.2.jar
2026-07-02 10:16:58,128 [Worker-20: Launching mavenrun-3af54824-b7ba-4d9e-a3e2-f2082fe80f64] INFO  o.eclipse.m2e.core.internal.Bundles - 	Entry: /Users/qaisarfareed/.p2/pool/plugins/org.eclipse.m2e.maven.runtime_3.9.900.20240824-1409/jars/org.eclipse.sisu.inject-0.9.0.M3.jar
2026-07-02 10:16:58,128 [Worker-20: Launching mavenrun-3af54824-b7ba-4d9e-a3e2-f2082fe80f64] INFO  o.eclipse.m2e.core.internal.Bundles - 	Entry: /Users/qaisarfareed/.p2/pool/plugins/org.eclipse.m2e.maven.runtime_3.9.900.20240824-1409/jars/org.eclipse.sisu.plexus-0.9.0.M3.jar
2026-07-02 10:16:58,128 [Worker-20: Launching mavenrun-3af54824-b7ba-4d9e-a3e2-f2082fe80f64] INFO  o.eclipse.m2e.core.internal.Bundles - 	Entry: /Users/qaisarfareed/.p2/pool/plugins/org.eclipse.m2e.maven.runtime_3.9.900.20240824-1409/jars/plexus-build-api-0.0.7.jar
2026-07-02 10:16:58,128 [Worker-20: Launching mavenrun-3af54824-b7ba-4d9e-a3e2-f2082fe80f64] INFO  o.eclipse.m2e.core.internal.Bundles - 	Entry: /Users/qaisarfareed/.p2/pool/plugins/org.eclipse.m2e.maven.runtime_3.9.900.20240824-1409/jars/plexus-build-api-1.2.0.jar
2026-07-02 10:16:58,129 [Worker-20: Launching mavenrun-3af54824-b7ba-4d9e-a3e2-f2082fe80f64] INFO  o.eclipse.m2e.core.internal.Bundles - 	Entry: /Users/qaisarfareed/.p2/pool/plugins/org.eclipse.m2e.maven.runtime_3.9.900.20240824-1409/jars/plexus-cipher-2.0.jar
2026-07-02 10:16:58,129 [Worker-20: Launching mavenrun-3af54824-b7ba-4d9e-a3e2-f2082fe80f64] INFO  o.eclipse.m2e.core.internal.Bundles - 	Entry: /Users/qaisarfareed/.p2/pool/plugins/org.eclipse.m2e.maven.runtime_3.9.900.20240824-1409/jars/plexus-classworlds-2.8.0.jar
2026-07-02 10:16:58,129 [Worker-20: Launching mavenrun-3af54824-b7ba-4d9e-a3e2-f2082fe80f64] INFO  o.eclipse.m2e.core.internal.Bundles - 	Entry: /Users/qaisarfareed/.p2/pool/plugins/org.eclipse.m2e.maven.runtime_3.9.900.20240824-1409/jars/plexus-component-annotations-2.1.0.jar
2026-07-02 10:16:58,129 [Worker-20: Launching mavenrun-3af54824-b7ba-4d9e-a3e2-f2082fe80f64] INFO  o.eclipse.m2e.core.internal.Bundles - 	Entry: /Users/qaisarfareed/.p2/pool/plugins/org.eclipse.m2e.maven.runtime_3.9.900.20240824-1409/jars/plexus-interpolation-1.27.jar
2026-07-02 10:16:58,129 [Worker-20: Launching mavenrun-3af54824-b7ba-4d9e-a3e2-f2082fe80f64] INFO  o.eclipse.m2e.core.internal.Bundles - 	Entry: /Users/qaisarfareed/.p2/pool/plugins/org.eclipse.m2e.maven.runtime_3.9.900.20240824-1409/jars/plexus-sec-dispatcher-2.0.jar
2026-07-02 10:16:58,129 [Worker-20: Launching mavenrun-3af54824-b7ba-4d9e-a3e2-f2082fe80f64] INFO  o.eclipse.m2e.core.internal.Bundles - 	Entry: /Users/qaisarfareed/.p2/pool/plugins/org.eclipse.m2e.maven.runtime_3.9.900.20240824-1409/jars/plexus-utils-3.5.1.jar
2026-07-02 10:16:58,129 [Worker-20: Launching mavenrun-3af54824-b7ba-4d9e-a3e2-f2082fe80f64] INFO  o.eclipse.m2e.core.internal.Bundles - 	Entry: /Users/qaisarfareed/.p2/pool/plugins/org.eclipse.m2e.maven.runtime_3.9.900.20240824-1409/jars/plexus-xml-3.0.1.jar
2026-07-02 10:16:58,129 [Worker-20: Launching mavenrun-3af54824-b7ba-4d9e-a3e2-f2082fe80f64] INFO  o.eclipse.m2e.core.internal.Bundles - 	Entry: /Users/qaisarfareed/.p2/pool/plugins/org.eclipse.m2e.maven.runtime_3.9.900.20240824-1409/jars/wagon-file-3.5.3.jar
2026-07-02 10:16:58,129 [Worker-20: Launching mavenrun-3af54824-b7ba-4d9e-a3e2-f2082fe80f64] INFO  o.eclipse.m2e.core.internal.Bundles - 	Entry: /Users/qaisarfareed/.p2/pool/plugins/org.eclipse.m2e.maven.runtime_3.9.900.20240824-1409/jars/wagon-http-3.5.3.jar
2026-07-02 10:16:58,129 [Worker-20: Launching mavenrun-3af54824-b7ba-4d9e-a3e2-f2082fe80f64] INFO  o.eclipse.m2e.core.internal.Bundles - 	Entry: /Users/qaisarfareed/.p2/pool/plugins/org.eclipse.m2e.maven.runtime_3.9.900.20240824-1409/jars/wagon-http-shared-3.5.3.jar
2026-07-02 10:16:58,129 [Worker-20: Launching mavenrun-3af54824-b7ba-4d9e-a3e2-f2082fe80f64] INFO  o.eclipse.m2e.core.internal.Bundles - 	Entry: /Users/qaisarfareed/.p2/pool/plugins/org.eclipse.m2e.maven.runtime_3.9.900.20240824-1409/jars/wagon-provider-api-3.5.3.jar
2026-07-02 10:16:58,130 [Worker-20: Launching mavenrun-3af54824-b7ba-4d9e-a3e2-f2082fe80f64] INFO  o.eclipse.m2e.core.internal.Bundles - getClasspathEntries(Bundle=com.google.guava_33.3.1.jre [573])
2026-07-02 10:16:58,130 [Worker-20: Launching mavenrun-3af54824-b7ba-4d9e-a3e2-f2082fe80f64] INFO  o.eclipse.m2e.core.internal.Bundles - 	Entry: /Users/qaisarfareed/.p2/pool/plugins/com.google.guava_33.3.1.jre.jar
2026-07-02 10:16:58,130 [Worker-20: Launching mavenrun-3af54824-b7ba-4d9e-a3e2-f2082fe80f64] INFO  o.eclipse.m2e.core.internal.Bundles - getClasspathEntries(Bundle=slf4j.api_2.0.16 [1114])
2026-07-02 10:16:58,130 [Worker-20: Launching mavenrun-3af54824-b7ba-4d9e-a3e2-f2082fe80f64] INFO  o.eclipse.m2e.core.internal.Bundles - 	Entry: /Users/qaisarfareed/.p2/pool/plugins/slf4j.api_2.0.16.jar
2026-07-02 10:16:58,130 [Worker-20: Launching mavenrun-3af54824-b7ba-4d9e-a3e2-f2082fe80f64] INFO  o.eclipse.m2e.core.internal.Bundles - getClasspathEntries(Bundle=jakarta.inject.jakarta.inject-api_1.0.5 [591])
2026-07-02 10:16:58,130 [Worker-20: Launching mavenrun-3af54824-b7ba-4d9e-a3e2-f2082fe80f64] INFO  o.eclipse.m2e.core.internal.Bundles - 	Entry: /Users/qaisarfareed/.p2/pool/plugins/jakarta.inject.jakarta.inject-api_1.0.5.jar
2026-07-02 10:16:58,130 [Worker-20: Launching mavenrun-3af54824-b7ba-4d9e-a3e2-f2082fe80f64] INFO  o.eclipse.m2e.core.internal.Bundles - getClasspathEntries(Bundle=jakarta.annotation-api_1.3.5 [589])
2026-07-02 10:16:58,130 [Worker-20: Launching mavenrun-3af54824-b7ba-4d9e-a3e2-f2082fe80f64] INFO  o.eclipse.m2e.core.internal.Bundles - 	Entry: /Users/qaisarfareed/.p2/pool/plugins/jakarta.annotation-api_1.3.5.jar
2026-07-02 10:16:58,130 [Worker-20: Launching mavenrun-3af54824-b7ba-4d9e-a3e2-f2082fe80f64] INFO  o.eclipse.m2e.core.internal.Bundles - getClasspathEntries(Bundle=org.apache.commons.cli_1.9.0 [618])
2026-07-02 10:16:58,130 [Worker-20: Launching mavenrun-3af54824-b7ba-4d9e-a3e2-f2082fe80f64] INFO  o.eclipse.m2e.core.internal.Bundles - 	Entry: /Users/qaisarfareed/.p2/pool/plugins/org.apache.commons.cli_1.9.0.jar
2026-07-02 10:16:58,130 [Worker-20: Launching mavenrun-3af54824-b7ba-4d9e-a3e2-f2082fe80f64] INFO  o.eclipse.m2e.core.internal.Bundles - getClasspathEntries(Bundle=org.apache.commons.commons-codec_1.16.0 [621])
2026-07-02 10:16:58,130 [Worker-20: Launching mavenrun-3af54824-b7ba-4d9e-a3e2-f2082fe80f64] INFO  o.eclipse.m2e.core.internal.Bundles - 	Entry: /Users/qaisarfareed/.p2/pool/plugins/org.apache.commons.commons-codec_1.16.0.jar
2026-07-02 10:16:58,130 [Worker-20: Launching mavenrun-3af54824-b7ba-4d9e-a3e2-f2082fe80f64] INFO  o.eclipse.m2e.core.internal.Bundles - getClasspathEntries(Bundle=com.google.guava.failureaccess_1.0.2 [575])
2026-07-02 10:16:58,130 [Worker-20: Launching mavenrun-3af54824-b7ba-4d9e-a3e2-f2082fe80f64] INFO  o.eclipse.m2e.core.internal.Bundles - 	Entry: /Users/qaisarfareed/.p2/pool/plugins/com.google.guava.failureaccess_1.0.2.jar
2026-07-02 10:16:58,133 [Worker-20: Launching mavenrun-3af54824-b7ba-4d9e-a3e2-f2082fe80f64] INFO  o.e.m.i.launch.MavenLaunchDelegate - Run build in "/var/folders/hb/9tcbgd0n1yx9dz70jgwkmj780000gn/T/m2e-archetypeGenerator9092174030818324285":
2026-07-02 10:16:58,136 [Worker-20: Launching mavenrun-3af54824-b7ba-4d9e-a3e2-f2082fe80f64] INFO  o.e.m.i.launch.MavenLaunchDelegate -  mvn  -DjavaCompilerVersion=17 -DjunitVersion=5.11.0 -DarchetypeGroupId=org.apache.maven.archetypes -DarchetypeArtifactId=maven-archetype-quickstart -DarchetypeVersion=1.5 -DgroupId=cicdGitJenkinsIntegrationPack -DartifactId=cicdGitJenkinsIntegrationClass -Dversion=0.0.1-SNAPSHOT -Dpackage=cicdGitJenkinsIntegrationPack.cicdGitJenkinsIntegrationClass -DoutputDirectory=/Users/qaisarfareed/Documents/cicdGitJenkinsPipeline -Dstyle.color=always -U archetype:generate
2026-07-02 10:17:05,484 [Worker-0: Creating maven-archetype-quickstart] INFO  o.e.m.c.i.p.ProjectConfigurationManager - Collecting project info '/pom.xml' /Users/qaisarfareed/Documents/cicdGitJenkinsPipeline/cicdGitJenkinsIntegrationClass/pom.xml
2026-07-02 10:17:06,052 [Worker-0: Creating maven-archetype-quickstart] INFO  o.e.m.c.i.l.LifecycleMappingFactory - Using org.eclipse.m2e.jdt.JarLifecycleMapping lifecycle mapping for MavenProject: cicdGitJenkinsIntegrationPack:cicdGitJenkinsIntegrationClass:0.0.1-SNAPSHOT @ /Users/qaisarfareed/Documents/cicdGitJenkinsPipeline/cicdGitJenkinsIntegrationClass/pom.xml.
2026-07-02 10:17:06,393 [Worker-0: Creating maven-archetype-quickstart] INFO  o.e.m.j.i.AbstractJavaProjectConfigurator - Adding source folder /cicdGitJenkinsIntegrationClass/src/main/java
2026-07-02 10:17:06,394 [Worker-0: Creating maven-archetype-quickstart] INFO  o.e.m.j.i.AbstractJavaProjectConfigurator - Adding resource folder /cicdGitJenkinsIntegrationClass/src/main/resources
2026-07-02 10:17:06,396 [Worker-0: Creating maven-archetype-quickstart] INFO  o.e.m.j.i.AbstractJavaProjectConfigurator - Adding source folder /cicdGitJenkinsIntegrationClass/src/test/java
2026-07-02 10:17:06,396 [Worker-0: Creating maven-archetype-quickstart] INFO  o.e.m.j.i.AbstractJavaProjectConfigurator - Adding resource folder /cicdGitJenkinsIntegrationClass/src/test/resources
2026-07-02 10:17:06,657 [Worker-0: Creating maven-archetype-quickstart] INFO  o.e.m.c.i.p.ProjectConfigurationManager - Imported and configured 1 project(s) in 1 sec
2026-07-02 10:17:07,092 [Worker-26: Building] INFO  o.a.m.s.f.DefaultMavenResourcesFiltering - skip non existing resourceDirectory /Users/qaisarfareed/Documents/cicdGitJenkinsPipeline/cicdGitJenkinsIntegrationClass/src/main/resources
2026-07-02 10:17:07,094 [Worker-26: Building] INFO  o.a.m.s.f.DefaultMavenResourcesFiltering - skip non existing resourceDirectory /Users/qaisarfareed/Documents/cicdGitJenkinsPipeline/cicdGitJenkinsIntegrationClass/src/test/resources
2026-07-02 10:18:02,445 [main] INFO  o.e.m.jdt.internal.UnitTestSupport - Updating AppTest from maven configuration
2026-07-02 10:19:09,652 [Worker-17: Building] INFO  o.a.m.s.f.DefaultMavenResourcesFiltering - skip non existing resourceDirectory /Users/qaisarfareed/Documents/cicdGitJenkinsPipeline/cicdGitJenkinsIntegrationClass/src/main/resources
2026-07-02 10:19:09,654 [Worker-17: Building] INFO  o.a.m.s.f.DefaultMavenResourcesFiltering - skip non existing resourceDirectory /Users/qaisarfareed/Documents/cicdGitJenkinsPipeline/cicdGitJenkinsIntegrationClass/src/test/resources
2026-07-02 10:19:42,270 [Worker-24: Building] INFO  o.a.m.s.f.DefaultMavenResourcesFiltering - skip non existing resourceDirectory /Users/qaisarfareed/Documents/cicdGitJenkinsPipeline/cicdGitJenkinsIntegrationClass/src/main/resources
2026-07-02 10:19:42,272 [Worker-24: Building] INFO  o.a.m.s.f.DefaultMavenResourcesFiltering - skip non existing resourceDirectory /Users/qaisarfareed/Documents/cicdGitJenkinsPipeline/cicdGitJenkinsIntegrationClass/src/test/resources
2026-07-02 10:19:52,827 [Worker-9: Building] INFO  o.a.m.s.f.DefaultMavenResourcesFiltering - skip non existing resourceDirectory /Users/qaisarfareed/Documents/cicdGitJenkinsPipeline/cicdGitJenkinsIntegrationClass/src/main/resources
2026-07-02 10:19:52,828 [Worker-9: Building] INFO  o.a.m.s.f.DefaultMavenResourcesFiltering - skip non existing resourceDirectory /Users/qaisarfareed/Documents/cicdGitJenkinsPipeline/cicdGitJenkinsIntegrationClass/src/test/resources
2026-07-02 10:20:02,940 [Worker-31: Building] INFO  o.a.m.s.f.DefaultMavenResourcesFiltering - skip non existing resourceDirectory /Users/qaisarfareed/Documents/cicdGitJenkinsPipeline/cicdGitJenkinsIntegrationClass/src/main/resources
2026-07-02 10:20:02,941 [Worker-31: Building] INFO  o.a.m.s.f.DefaultMavenResourcesFiltering - skip non existing resourceDirectory /Users/qaisarfareed/Documents/cicdGitJenkinsPipeline/cicdGitJenkinsIntegrationClass/src/test/resources
2026-07-02 10:21:13,924 [main] INFO  o.e.m.jdt.internal.UnitTestSupport - Updating CICDGitJenkinsIntegrationClass from maven configuration
2026-07-02 10:21:19,402 [Worker-3: Launching CICDGitJenkinsIntegrationClass] INFO  o.a.m.s.f.DefaultMavenResourcesFiltering - skip non existing resourceDirectory /Users/qaisarfareed/Documents/cicdGitJenkinsPipeline/cicdGitJenkinsIntegrationClass/src/main/resources
2026-07-02 10:21:19,404 [Worker-3: Launching CICDGitJenkinsIntegrationClass] INFO  o.a.m.s.f.DefaultMavenResourcesFiltering - skip non existing resourceDirectory /Users/qaisarfareed/Documents/cicdGitJenkinsPipeline/cicdGitJenkinsIntegrationClass/src/test/resources
